<?xml version="1.0" encoding="UTF-8"?>
<!-- Generated by org.testng.reporters.JUnitXMLReporter -->
<testsuite hostname="DESKTOP-SHC8QCF" ignored="0" name="Default test" tests="3" failures="0" timestamp="2020-05-23T09:51:46 PDT" time="7.798" errors="0">
  <testcase name="loginJira" time="1.762" classname="bdd.JiraJsonFramework.JiraScratchNG"/>
  <testcase name="createIssue" time="5.924" classname="bdd.JiraJsonFramework.JiraScratchNG"/>
  <testcase name="AddComment" time="0.066" classname="bdd.JiraJsonFramework.JiraScratchNG"/>
</testsuite> <!-- Default test -->
