<?xml version="1.0" encoding="UTF-8"?>
<!-- Generated by org.testng.reporters.JUnitXMLReporter -->
<testsuite hostname="DESKTOP-SHC8QCF" ignored="0" name="Default test" tests="5" failures="0" timestamp="2020-05-23T11:47:31 PDT" time="2.82" errors="0">
  <testcase name="loginJira" time="1.764" classname="bdd.JiraJsonFramework.JiraScratchNG"/>
  <testcase name="createIssue" time="0.762" classname="bdd.JiraJsonFramework.JiraScratchNG"/>
  <testcase name="AddComment" time="0.079" classname="bdd.JiraJsonFramework.JiraScratchNG"/>
  <testcase name="GetComment" time="0.086" classname="bdd.JiraJsonFramework.JiraScratchNG"/>
  <testcase name="DeleteComment" time="0.065" classname="bdd.JiraJsonFramework.JiraScratchNG"/>
</testsuite> <!-- Default test -->
