<?xml version="1.0" encoding="UTF-8"?>
<testng-results skipped="0" failed="0" ignored="0" total="3" passed="3">
  <reporter-output>
  </reporter-output>
  <suite name="Default suite" duration-ms="7798" started-at="2020-05-23T09:51:38 PDT" finished-at="2020-05-23T09:51:46 PDT">
    <groups>
    </groups>
    <test name="Default test" duration-ms="7798" started-at="2020-05-23T09:51:38 PDT" finished-at="2020-05-23T09:51:46 PDT">
      <class name="bdd.JiraJsonFramework.JiraScratchNG">
        <test-method status="PASS" signature="loginJira()[pri:0, instance:bdd.JiraJsonFramework.JiraScratchNG@3fd7a715]" name="loginJira" duration-ms="1762" started-at="2020-05-23T09:51:39 PDT" finished-at="2020-05-23T09:51:40 PDT">
          <reporter-output>
          </reporter-output>
        </test-method> <!-- loginJira -->
        <test-method status="PASS" signature="createIssue()[pri:1, instance:bdd.JiraJsonFramework.JiraScratchNG@3fd7a715]" name="createIssue" duration-ms="5924" started-at="2020-05-23T09:51:40 PDT" finished-at="2020-05-23T09:51:46 PDT">
          <reporter-output>
          </reporter-output>
        </test-method> <!-- createIssue -->
        <test-method status="PASS" signature="AddComment()[pri:2, instance:bdd.JiraJsonFramework.JiraScratchNG@3fd7a715]" name="AddComment" duration-ms="66" started-at="2020-05-23T09:51:46 PDT" finished-at="2020-05-23T09:51:46 PDT">
          <reporter-output>
          </reporter-output>
        </test-method> <!-- AddComment -->
      </class> <!-- bdd.JiraJsonFramework.JiraScratchNG -->
    </test> <!-- Default test -->
  </suite> <!-- Default suite -->
</testng-results>
